<?xml version="1.0" encoding="UTF-8"?>
<testng-results ignored="0" total="1" passed="1" failed="0" skipped="0">
  <reporter-output>
  </reporter-output>
  <suite started-at="2023-05-08T17:43:48 IST" name="Default suite" finished-at="2023-05-08T18:43:57 IST" duration-ms="3608987">
    <groups>
    </groups>
    <test started-at="2023-05-08T17:43:48 IST" name="Default test" finished-at="2023-05-08T18:43:57 IST" duration-ms="3608987">
      <class name="com.crm9woodDevBallistixcem.AddDepedendentDataTest">
        <test-method is-config="true" signature="launchTheBrowser()[pri:0, instance:com.crm9woodDevBallistixcem.AddDepedendentDataTest@22ef9844]" started-at="2023-05-08T17:43:48 IST" name="launchTheBrowser" finished-at="2023-05-08T17:44:06 IST" duration-ms="18131" status="PASS">
          <reporter-output>
          </reporter-output>
        </test-method> <!-- launchTheBrowser -->
        <test-method signature="addDepedendentDataTest()[pri:0, instance:com.crm9woodDevBallistixcem.AddDepedendentDataTest@22ef9844]" started-at="2023-05-08T17:44:06 IST" name="addDepedendentDataTest" finished-at="2023-05-08T18:43:56 IST" duration-ms="3590242" status="PASS">
          <reporter-output>
          </reporter-output>
        </test-method> <!-- addDepedendentDataTest -->
        <test-method is-config="true" signature="logoutFromAppln()[pri:0, instance:com.crm9woodDevBallistixcem.AddDepedendentDataTest@22ef9844]" started-at="2023-05-08T18:43:56 IST" name="logoutFromAppln" finished-at="2023-05-08T18:43:56 IST" duration-ms="1" status="PASS">
          <reporter-output>
          </reporter-output>
        </test-method> <!-- logoutFromAppln -->
        <test-method is-config="true" signature="closeTheBrowser()[pri:0, instance:com.crm9woodDevBallistixcem.AddDepedendentDataTest@22ef9844]" started-at="2023-05-08T18:43:56 IST" name="closeTheBrowser" finished-at="2023-05-08T18:43:57 IST" duration-ms="554" status="PASS">
          <reporter-output>
          </reporter-output>
        </test-method> <!-- closeTheBrowser -->
      </class> <!-- com.crm9woodDevBallistixcem.AddDepedendentDataTest -->
    </test> <!-- Default test -->
  </suite> <!-- Default suite -->
</testng-results>
